<?xml version="1.0" encoding="UTF-8"?>
<testng-results ignored="0" total="1" passed="1" failed="0" skipped="0">
  <reporter-output>
  </reporter-output>
  <suite started-at="2025-04-28T11:46:44 IST" name="Default suite" finished-at="2025-04-28T11:46:47 IST" duration-ms="2908">
    <groups>
    </groups>
    <test started-at="2025-04-28T11:46:44 IST" name="Default test" finished-at="2025-04-28T11:46:47 IST" duration-ms="2908">
      <class name="tests.LoginTest">
        <test-method is-config="true" signature="setup()[pri:0, instance:tests.LoginTest@618b19ad]" started-at="2025-04-28T11:46:44 IST" name="setup" finished-at="2025-04-28T11:46:47 IST" duration-ms="2390" status="PASS">
          <reporter-output>
          </reporter-output>
        </test-method> <!-- setup -->
        <test-method signature="loginTest()[pri:0, instance:tests.LoginTest@618b19ad]" started-at="2025-04-28T11:46:47 IST" name="loginTest" finished-at="2025-04-28T11:46:47 IST" duration-ms="274" status="PASS">
          <reporter-output>
          </reporter-output>
        </test-method> <!-- loginTest -->
        <test-method is-config="true" signature="tearDown()[pri:0, instance:tests.LoginTest@618b19ad]" started-at="2025-04-28T11:46:47 IST" name="tearDown" finished-at="2025-04-28T11:46:47 IST" duration-ms="202" status="PASS">
          <reporter-output>
          </reporter-output>
        </test-method> <!-- tearDown -->
      </class> <!-- tests.LoginTest -->
    </test> <!-- Default test -->
  </suite> <!-- Default suite -->
</testng-results>
